2024-01-28T00:23:49.151+04:00  INFO 17544 --- [main] com.ecommerce.ECommerceProject           : Starting ECommerceProject using Java 17.0.10 with PID 17544 (C:\Users\Nano_Tech\Desktop\E-Commerce web app\demo\target\classes started by Nano_Tech in C:\Users\Nano_Tech\Desktop\E-Commerce web app)
2024-01-28T00:23:49.152+04:00  INFO 17544 --- [main] com.ecommerce.ECommerceProject           : No active profile set, falling back to 1 default profile: "default"
2024-01-28T00:23:49.759+04:00  INFO 17544 --- [main] .s.d.r.c.RepositoryConfigurationDelegate : Bootstrapping Spring Data JPA repositories in DEFAULT mode.
2024-01-28T00:23:49.816+04:00  INFO 17544 --- [main] .s.d.r.c.RepositoryConfigurationDelegate : Finished Spring Data repository scanning in 51 ms. Found 6 JPA repository interfaces.
2024-01-28T00:23:50.313+04:00  INFO 17544 --- [main] o.s.b.w.embedded.tomcat.TomcatWebServer  : Tomcat initialized with port 8080 (http)
2024-01-28T00:23:50.320+04:00  INFO 17544 --- [main] o.apache.catalina.core.StandardService   : Starting service [Tomcat]
2024-01-28T00:23:50.320+04:00  INFO 17544 --- [main] o.apache.catalina.core.StandardEngine    : Starting Servlet engine: [Apache Tomcat/10.1.17]
2024-01-28T00:23:50.369+04:00  INFO 17544 --- [main] o.a.c.c.C.[Tomcat].[localhost].[/api]    : Initializing Spring embedded WebApplicationContext
2024-01-28T00:23:50.369+04:00  INFO 17544 --- [main] w.s.c.ServletWebServerApplicationContext : Root WebApplicationContext: initialization completed in 1189 ms
2024-01-28T00:23:50.497+04:00  INFO 17544 --- [main] o.hibernate.jpa.internal.util.LogHelper  : HHH000204: Processing PersistenceUnitInfo [name: default]
2024-01-28T00:23:50.540+04:00  INFO 17544 --- [main] org.hibernate.Version                    : HHH000412: Hibernate ORM core version 6.4.1.Final
2024-01-28T00:23:50.566+04:00  INFO 17544 --- [main] o.h.c.internal.RegionFactoryInitiator    : HHH000026: Second-level cache disabled
2024-01-28T00:23:50.731+04:00  INFO 17544 --- [main] o.s.o.j.p.SpringPersistenceUnitInfo      : No LoadTimeWeaver setup: ignoring JPA class transformer
2024-01-28T00:23:50.753+04:00  INFO 17544 --- [main] com.zaxxer.hikari.HikariDataSource       : HikariPool-1 - Starting...
2024-01-28T00:23:50.949+04:00  INFO 17544 --- [main] com.zaxxer.hikari.pool.HikariPool        : HikariPool-1 - Added connection com.mysql.cj.jdbc.ConnectionImpl@43294e9b
2024-01-28T00:23:50.951+04:00  INFO 17544 --- [main] com.zaxxer.hikari.HikariDataSource       : HikariPool-1 - Start completed.
2024-01-28T00:23:50.989+04:00  WARN 17544 --- [main] org.hibernate.orm.deprecation            : HHH90000025: MySQLDialect does not need to be specified explicitly using 'hibernate.dialect' (remove the property setting and it will be selected by default)
2024-01-28T00:23:51.763+04:00  INFO 17544 --- [main] o.h.e.t.j.p.i.JtaPlatformInitiator       : HHH000489: No JTA platform available (set 'hibernate.transaction.jta.platform' to enable JTA platform integration)
2024-01-28T00:23:51.822+04:00  INFO 17544 --- [main] j.LocalContainerEntityManagerFactoryBean : Initialized JPA EntityManagerFactory for persistence unit 'default'
2024-01-28T00:23:52.843+04:00  INFO 17544 --- [main] o.s.s.web.DefaultSecurityFilterChain     : Will secure any request with [org.springframework.security.web.session.DisableEncodeUrlFilter@440d45c5, org.springframework.security.web.context.request.async.WebAsyncManagerIntegrationFilter@6b862f17, org.springframework.security.web.context.SecurityContextHolderFilter@7d29fc6, org.springframework.security.web.header.HeaderWriterFilter@63513c1c, org.springframework.web.filter.CorsFilter@7e3b101b, org.springframework.security.web.authentication.logout.LogoutFilter@13515709, com.ecommerce.filter.JwtAuthFilter@7d43c89f, org.springframework.security.web.savedrequest.RequestCacheAwareFilter@1da53092, org.springframework.security.web.servletapi.SecurityContextHolderAwareRequestFilter@10f64bc3, org.springframework.security.web.authentication.AnonymousAuthenticationFilter@62284954, org.springframework.security.web.session.SessionManagementFilter@70eced1f, org.springframework.security.web.access.ExceptionTranslationFilter@4dbeae45, org.springframework.security.web.access.intercept.AuthorizationFilter@6c7f3af6]
2024-01-28T00:23:53.201+04:00  INFO 17544 --- [main] o.s.b.w.embedded.tomcat.TomcatWebServer  : Tomcat started on port 8080 (http) with context path '/api'
2024-01-28T00:23:53.208+04:00  INFO 17544 --- [main] com.ecommerce.ECommerceProject           : Started ECommerceProject in 4.388 seconds (process running for 4.846)
2024-01-28T00:24:00.224+04:00  INFO 17544 --- [http-nio-8080-exec-1] o.a.c.c.C.[Tomcat].[localhost].[/api]    : Initializing Spring DispatcherServlet 'dispatcherServlet'
2024-01-28T00:24:00.224+04:00  INFO 17544 --- [http-nio-8080-exec-1] o.s.web.servlet.DispatcherServlet        : Initializing Servlet 'dispatcherServlet'
2024-01-28T00:24:00.225+04:00  INFO 17544 --- [http-nio-8080-exec-1] o.s.web.servlet.DispatcherServlet        : Completed initialization in 0 ms
2024-01-28T00:24:00.238+04:00 DEBUG 17544 --- [http-nio-8080-exec-1] o.s.security.web.FilterChainProxy        : Securing GET /swagger-ui/swagger-initializer.js
2024-01-28T00:24:00.243+04:00 DEBUG 17544 --- [http-nio-8080-exec-1] o.s.s.w.a.AnonymousAuthenticationFilter  : Set SecurityContextHolder to anonymous SecurityContext
2024-01-28T00:24:00.245+04:00 DEBUG 17544 --- [http-nio-8080-exec-1] o.s.s.w.a.Http403ForbiddenEntryPoint     : Pre-authenticated entry point called. Rejecting access
2024-01-28T00:24:00.253+04:00 DEBUG 17544 --- [http-nio-8080-exec-1] o.s.security.web.FilterChainProxy        : Securing GET /error
2024-01-28T00:24:00.254+04:00 DEBUG 17544 --- [http-nio-8080-exec-1] o.s.s.w.a.AnonymousAuthenticationFilter  : Set SecurityContextHolder to anonymous SecurityContext
2024-01-28T00:24:00.254+04:00 DEBUG 17544 --- [http-nio-8080-exec-1] o.s.s.w.a.Http403ForbiddenEntryPoint     : Pre-authenticated entry point called. Rejecting access
2024-01-28T00:24:02.549+04:00 DEBUG 17544 --- [http-nio-8080-exec-2] o.s.security.web.FilterChainProxy        : Securing GET /swagger-ui/index.html
2024-01-28T00:24:02.549+04:00 DEBUG 17544 --- [http-nio-8080-exec-2] o.s.s.w.a.AnonymousAuthenticationFilter  : Set SecurityContextHolder to anonymous SecurityContext
2024-01-28T00:24:02.549+04:00 DEBUG 17544 --- [http-nio-8080-exec-2] o.s.s.w.a.Http403ForbiddenEntryPoint     : Pre-authenticated entry point called. Rejecting access
2024-01-28T00:24:02.550+04:00 DEBUG 17544 --- [http-nio-8080-exec-2] o.s.security.web.FilterChainProxy        : Securing GET /error
2024-01-28T00:24:02.551+04:00 DEBUG 17544 --- [http-nio-8080-exec-2] o.s.s.w.a.AnonymousAuthenticationFilter  : Set SecurityContextHolder to anonymous SecurityContext
2024-01-28T00:24:02.551+04:00 DEBUG 17544 --- [http-nio-8080-exec-2] o.s.s.w.a.Http403ForbiddenEntryPoint     : Pre-authenticated entry point called. Rejecting access
2024-01-28T00:24:12.203+04:00 DEBUG 17544 --- [http-nio-8080-exec-3] o.s.security.web.FilterChainProxy        : Securing GET /swagger-ui/index.html
2024-01-28T00:24:12.204+04:00 DEBUG 17544 --- [http-nio-8080-exec-3] o.s.s.w.a.AnonymousAuthenticationFilter  : Set SecurityContextHolder to anonymous SecurityContext
2024-01-28T00:24:12.204+04:00 DEBUG 17544 --- [http-nio-8080-exec-3] o.s.s.w.a.Http403ForbiddenEntryPoint     : Pre-authenticated entry point called. Rejecting access
2024-01-28T00:24:12.205+04:00 DEBUG 17544 --- [http-nio-8080-exec-3] o.s.security.web.FilterChainProxy        : Securing GET /error
2024-01-28T00:24:12.205+04:00 DEBUG 17544 --- [http-nio-8080-exec-3] o.s.s.w.a.AnonymousAuthenticationFilter  : Set SecurityContextHolder to anonymous SecurityContext
2024-01-28T00:24:12.205+04:00 DEBUG 17544 --- [http-nio-8080-exec-3] o.s.s.w.a.Http403ForbiddenEntryPoint     : Pre-authenticated entry point called. Rejecting access
2024-01-28T00:24:16.471+04:00 DEBUG 17544 --- [http-nio-8080-exec-4] o.s.security.web.FilterChainProxy        : Securing GET /api-docs
2024-01-28T00:24:16.471+04:00 DEBUG 17544 --- [http-nio-8080-exec-4] o.s.s.w.a.AnonymousAuthenticationFilter  : Set SecurityContextHolder to anonymous SecurityContext
2024-01-28T00:24:16.471+04:00 DEBUG 17544 --- [http-nio-8080-exec-4] o.s.s.w.a.Http403ForbiddenEntryPoint     : Pre-authenticated entry point called. Rejecting access
2024-01-28T00:24:16.473+04:00 DEBUG 17544 --- [http-nio-8080-exec-4] o.s.security.web.FilterChainProxy        : Securing GET /error
2024-01-28T00:24:16.473+04:00 DEBUG 17544 --- [http-nio-8080-exec-4] o.s.s.w.a.AnonymousAuthenticationFilter  : Set SecurityContextHolder to anonymous SecurityContext
2024-01-28T00:24:16.473+04:00 DEBUG 17544 --- [http-nio-8080-exec-4] o.s.s.w.a.Http403ForbiddenEntryPoint     : Pre-authenticated entry point called. Rejecting access
2024-01-28T00:24:36.393+04:00  INFO 17544 --- [SpringApplicationShutdownHook] j.LocalContainerEntityManagerFactoryBean : Closing JPA EntityManagerFactory for persistence unit 'default'
2024-01-28T00:24:36.395+04:00  INFO 17544 --- [SpringApplicationShutdownHook] com.zaxxer.hikari.HikariDataSource       : HikariPool-1 - Shutdown initiated...
2024-01-28T00:24:36.401+04:00  INFO 17544 --- [SpringApplicationShutdownHook] com.zaxxer.hikari.HikariDataSource       : HikariPool-1 - Shutdown completed.
2024-01-28T00:24:40.211+04:00  INFO 11744 --- [main] com.ecommerce.ECommerceProject           : Starting ECommerceProject using Java 17.0.10 with PID 11744 (C:\Users\Nano_Tech\Desktop\E-Commerce web app\demo\target\classes started by Nano_Tech in C:\Users\Nano_Tech\Desktop\E-Commerce web app)
2024-01-28T00:24:40.213+04:00  INFO 11744 --- [main] com.ecommerce.ECommerceProject           : No active profile set, falling back to 1 default profile: "default"
2024-01-28T00:24:40.778+04:00  INFO 11744 --- [main] .s.d.r.c.RepositoryConfigurationDelegate : Bootstrapping Spring Data JPA repositories in DEFAULT mode.
2024-01-28T00:24:40.832+04:00  INFO 11744 --- [main] .s.d.r.c.RepositoryConfigurationDelegate : Finished Spring Data repository scanning in 48 ms. Found 6 JPA repository interfaces.
2024-01-28T00:24:41.329+04:00  INFO 11744 --- [main] o.s.b.w.embedded.tomcat.TomcatWebServer  : Tomcat initialized with port 8080 (http)
2024-01-28T00:24:41.336+04:00  INFO 11744 --- [main] o.apache.catalina.core.StandardService   : Starting service [Tomcat]
2024-01-28T00:24:41.336+04:00  INFO 11744 --- [main] o.apache.catalina.core.StandardEngine    : Starting Servlet engine: [Apache Tomcat/10.1.17]
2024-01-28T00:24:41.384+04:00  INFO 11744 --- [main] o.a.c.c.C.[Tomcat].[localhost].[/api]    : Initializing Spring embedded WebApplicationContext
2024-01-28T00:24:41.385+04:00  INFO 11744 --- [main] w.s.c.ServletWebServerApplicationContext : Root WebApplicationContext: initialization completed in 1142 ms
2024-01-28T00:24:41.502+04:00  INFO 11744 --- [main] o.hibernate.jpa.internal.util.LogHelper  : HHH000204: Processing PersistenceUnitInfo [name: default]
2024-01-28T00:24:41.552+04:00  INFO 11744 --- [main] org.hibernate.Version                    : HHH000412: Hibernate ORM core version 6.4.1.Final
2024-01-28T00:24:41.578+04:00  INFO 11744 --- [main] o.h.c.internal.RegionFactoryInitiator    : HHH000026: Second-level cache disabled
2024-01-28T00:24:41.748+04:00  INFO 11744 --- [main] o.s.o.j.p.SpringPersistenceUnitInfo      : No LoadTimeWeaver setup: ignoring JPA class transformer
2024-01-28T00:24:41.770+04:00  INFO 11744 --- [main] com.zaxxer.hikari.HikariDataSource       : HikariPool-1 - Starting...
2024-01-28T00:24:41.960+04:00  INFO 11744 --- [main] com.zaxxer.hikari.pool.HikariPool        : HikariPool-1 - Added connection com.mysql.cj.jdbc.ConnectionImpl@32e7b78d
2024-01-28T00:24:41.961+04:00  INFO 11744 --- [main] com.zaxxer.hikari.HikariDataSource       : HikariPool-1 - Start completed.
2024-01-28T00:24:42.000+04:00  WARN 11744 --- [main] org.hibernate.orm.deprecation            : HHH90000025: MySQLDialect does not need to be specified explicitly using 'hibernate.dialect' (remove the property setting and it will be selected by default)
2024-01-28T00:24:42.766+04:00  INFO 11744 --- [main] o.h.e.t.j.p.i.JtaPlatformInitiator       : HHH000489: No JTA platform available (set 'hibernate.transaction.jta.platform' to enable JTA platform integration)
2024-01-28T00:24:42.826+04:00  INFO 11744 --- [main] j.LocalContainerEntityManagerFactoryBean : Initialized JPA EntityManagerFactory for persistence unit 'default'
2024-01-28T00:24:43.908+04:00  INFO 11744 --- [main] o.s.s.web.DefaultSecurityFilterChain     : Will secure any request with [org.springframework.security.web.session.DisableEncodeUrlFilter@28f5a003, org.springframework.security.web.context.request.async.WebAsyncManagerIntegrationFilter@3220ffb, org.springframework.security.web.context.SecurityContextHolderFilter@27ca8a5a, org.springframework.security.web.header.HeaderWriterFilter@4ff5711b, org.springframework.web.filter.CorsFilter@53791a39, org.springframework.security.web.authentication.logout.LogoutFilter@2f1d2384, com.ecommerce.filter.JwtAuthFilter@12921ee1, org.springframework.security.web.savedrequest.RequestCacheAwareFilter@1bfc6e50, org.springframework.security.web.servletapi.SecurityContextHolderAwareRequestFilter@4f74edbf, org.springframework.security.web.authentication.AnonymousAuthenticationFilter@57629340, org.springframework.security.web.session.SessionManagementFilter@6e157f48, org.springframework.security.web.access.ExceptionTranslationFilter@27311c99, org.springframework.security.web.access.intercept.AuthorizationFilter@227e4ea8]
2024-01-28T00:24:44.242+04:00  INFO 11744 --- [main] o.s.b.w.embedded.tomcat.TomcatWebServer  : Tomcat started on port 8080 (http) with context path '/api'
2024-01-28T00:24:44.249+04:00  INFO 11744 --- [main] com.ecommerce.ECommerceProject           : Started ECommerceProject in 4.376 seconds (process running for 4.781)
2024-01-28T00:24:49.409+04:00  INFO 11744 --- [http-nio-8080-exec-1] o.a.c.c.C.[Tomcat].[localhost].[/api]    : Initializing Spring DispatcherServlet 'dispatcherServlet'
2024-01-28T00:24:49.409+04:00  INFO 11744 --- [http-nio-8080-exec-1] o.s.web.servlet.DispatcherServlet        : Initializing Servlet 'dispatcherServlet'
2024-01-28T00:24:49.410+04:00  INFO 11744 --- [http-nio-8080-exec-1] o.s.web.servlet.DispatcherServlet        : Completed initialization in 1 ms
2024-01-28T00:24:49.425+04:00 DEBUG 11744 --- [http-nio-8080-exec-1] o.s.security.web.FilterChainProxy        : Securing GET /api-docs
2024-01-28T00:24:49.430+04:00 DEBUG 11744 --- [http-nio-8080-exec-1] o.s.s.w.a.AnonymousAuthenticationFilter  : Set SecurityContextHolder to anonymous SecurityContext
2024-01-28T00:24:49.431+04:00 DEBUG 11744 --- [http-nio-8080-exec-1] o.s.security.web.FilterChainProxy        : Secured GET /api-docs
2024-01-28T00:24:49.760+04:00  INFO 11744 --- [http-nio-8080-exec-1] o.springdoc.api.AbstractOpenApiResource  : Init duration for springdoc-openapi is: 311 ms
2024-01-28T00:24:56.692+04:00 DEBUG 11744 --- [http-nio-8080-exec-2] o.s.security.web.FilterChainProxy        : Securing GET /swagger-ui/index.html
2024-01-28T00:24:56.693+04:00 DEBUG 11744 --- [http-nio-8080-exec-2] o.s.s.w.a.AnonymousAuthenticationFilter  : Set SecurityContextHolder to anonymous SecurityContext
2024-01-28T00:24:56.693+04:00 DEBUG 11744 --- [http-nio-8080-exec-2] o.s.security.web.FilterChainProxy        : Secured GET /swagger-ui/index.html
2024-01-28T00:24:56.720+04:00 DEBUG 11744 --- [http-nio-8080-exec-4] o.s.security.web.FilterChainProxy        : Securing GET /swagger-ui/swagger-initializer.js
2024-01-28T00:24:56.721+04:00 DEBUG 11744 --- [http-nio-8080-exec-4] o.s.s.w.a.AnonymousAuthenticationFilter  : Set SecurityContextHolder to anonymous SecurityContext
2024-01-28T00:24:56.721+04:00 DEBUG 11744 --- [http-nio-8080-exec-4] o.s.security.web.FilterChainProxy        : Secured GET /swagger-ui/swagger-initializer.js
2024-01-28T00:24:56.798+04:00 DEBUG 11744 --- [http-nio-8080-exec-3] o.s.security.web.FilterChainProxy        : Securing GET /api-docs/swagger-config
2024-01-28T00:24:56.799+04:00 DEBUG 11744 --- [http-nio-8080-exec-3] o.s.s.w.a.AnonymousAuthenticationFilter  : Set SecurityContextHolder to anonymous SecurityContext
2024-01-28T00:24:56.799+04:00 DEBUG 11744 --- [http-nio-8080-exec-3] o.s.security.web.FilterChainProxy        : Secured GET /api-docs/swagger-config
2024-01-28T00:24:56.813+04:00 DEBUG 11744 --- [http-nio-8080-exec-5] o.s.security.web.FilterChainProxy        : Securing GET /api-docs
2024-01-28T00:24:56.813+04:00 DEBUG 11744 --- [http-nio-8080-exec-5] o.s.s.w.a.AnonymousAuthenticationFilter  : Set SecurityContextHolder to anonymous SecurityContext
2024-01-28T00:24:56.813+04:00 DEBUG 11744 --- [http-nio-8080-exec-5] o.s.security.web.FilterChainProxy        : Secured GET /api-docs
2024-01-28T00:28:11.793+04:00 DEBUG 11744 --- [http-nio-8080-exec-7] o.s.security.web.FilterChainProxy        : Securing POST /users/registerAsSeller
2024-01-28T00:28:11.793+04:00 DEBUG 11744 --- [http-nio-8080-exec-7] o.s.s.w.a.AnonymousAuthenticationFilter  : Set SecurityContextHolder to anonymous SecurityContext
2024-01-28T00:28:11.794+04:00 DEBUG 11744 --- [http-nio-8080-exec-7] o.s.security.web.FilterChainProxy        : Secured POST /users/registerAsSeller
2024-01-28T00:28:59.966+04:00 DEBUG 11744 --- [http-nio-8080-exec-10] o.s.security.web.FilterChainProxy        : Securing POST /users/login
2024-01-28T00:28:59.967+04:00 DEBUG 11744 --- [http-nio-8080-exec-10] o.s.s.w.a.AnonymousAuthenticationFilter  : Set SecurityContextHolder to anonymous SecurityContext
2024-01-28T00:28:59.967+04:00 DEBUG 11744 --- [http-nio-8080-exec-10] o.s.security.web.FilterChainProxy        : Secured POST /users/login
2024-01-28T00:29:00.128+04:00 DEBUG 11744 --- [http-nio-8080-exec-10] o.s.s.a.dao.DaoAuthenticationProvider    : Authenticated user
2024-01-28T00:29:00.129+04:00  INFO 11744 --- [http-nio-8080-exec-10] c.e.service.impl.UserServiceImpl         : Successful retrieval of the username!
2024-01-28T00:29:00.193+04:00  INFO 11744 --- [http-nio-8080-exec-10] c.e.service.impl.UserServiceImpl         : The entered password is correct. Transaction successful!! 
2024-01-28T00:29:44.867+04:00 DEBUG 11744 --- [http-nio-8080-exec-1] o.s.security.web.FilterChainProxy        : Securing GET /api-docs
2024-01-28T00:29:44.868+04:00 DEBUG 11744 --- [http-nio-8080-exec-1] o.s.s.w.a.AnonymousAuthenticationFilter  : Set SecurityContextHolder to anonymous SecurityContext
2024-01-28T00:29:44.868+04:00 DEBUG 11744 --- [http-nio-8080-exec-1] o.s.security.web.FilterChainProxy        : Secured GET /api-docs
2024-01-28T00:29:47.025+04:00 DEBUG 11744 --- [http-nio-8080-exec-2] o.s.security.web.FilterChainProxy        : Securing GET /swagger-ui/index.html
2024-01-28T00:29:47.026+04:00 DEBUG 11744 --- [http-nio-8080-exec-2] o.s.s.w.a.AnonymousAuthenticationFilter  : Set SecurityContextHolder to anonymous SecurityContext
2024-01-28T00:29:47.026+04:00 DEBUG 11744 --- [http-nio-8080-exec-2] o.s.security.web.FilterChainProxy        : Secured GET /swagger-ui/index.html
2024-01-28T00:29:47.065+04:00 DEBUG 11744 --- [http-nio-8080-exec-4] o.s.security.web.FilterChainProxy        : Securing GET /swagger-ui/swagger-initializer.js
2024-01-28T00:29:47.066+04:00 DEBUG 11744 --- [http-nio-8080-exec-4] o.s.s.w.a.AnonymousAuthenticationFilter  : Set SecurityContextHolder to anonymous SecurityContext
2024-01-28T00:29:47.066+04:00 DEBUG 11744 --- [http-nio-8080-exec-4] o.s.security.web.FilterChainProxy        : Secured GET /swagger-ui/swagger-initializer.js
2024-01-28T00:29:47.123+04:00 DEBUG 11744 --- [http-nio-8080-exec-3] o.s.security.web.FilterChainProxy        : Securing GET /api-docs/swagger-config
2024-01-28T00:29:47.123+04:00 DEBUG 11744 --- [http-nio-8080-exec-3] o.s.s.w.a.AnonymousAuthenticationFilter  : Set SecurityContextHolder to anonymous SecurityContext
2024-01-28T00:29:47.124+04:00 DEBUG 11744 --- [http-nio-8080-exec-3] o.s.security.web.FilterChainProxy        : Secured GET /api-docs/swagger-config
2024-01-28T00:29:47.133+04:00 DEBUG 11744 --- [http-nio-8080-exec-5] o.s.security.web.FilterChainProxy        : Securing GET /api-docs
2024-01-28T00:29:47.133+04:00 DEBUG 11744 --- [http-nio-8080-exec-5] o.s.s.w.a.AnonymousAuthenticationFilter  : Set SecurityContextHolder to anonymous SecurityContext
2024-01-28T00:29:47.134+04:00 DEBUG 11744 --- [http-nio-8080-exec-5] o.s.security.web.FilterChainProxy        : Secured GET /api-docs
2024-01-28T00:30:25.233+04:00 DEBUG 11744 --- [http-nio-8080-exec-8] o.s.security.web.FilterChainProxy        : Securing GET /swagger-ui/index.html
2024-01-28T00:30:25.233+04:00 DEBUG 11744 --- [http-nio-8080-exec-8] o.s.s.w.a.AnonymousAuthenticationFilter  : Set SecurityContextHolder to anonymous SecurityContext
2024-01-28T00:30:25.233+04:00 DEBUG 11744 --- [http-nio-8080-exec-8] o.s.security.web.FilterChainProxy        : Secured GET /swagger-ui/index.html
2024-01-28T00:30:25.249+04:00 DEBUG 11744 --- [http-nio-8080-exec-9] o.s.security.web.FilterChainProxy        : Securing GET /swagger-ui/swagger-initializer.js
2024-01-28T00:30:25.249+04:00 DEBUG 11744 --- [http-nio-8080-exec-9] o.s.s.w.a.AnonymousAuthenticationFilter  : Set SecurityContextHolder to anonymous SecurityContext
2024-01-28T00:30:25.249+04:00 DEBUG 11744 --- [http-nio-8080-exec-9] o.s.security.web.FilterChainProxy        : Secured GET /swagger-ui/swagger-initializer.js
2024-01-28T00:30:25.298+04:00 DEBUG 11744 --- [http-nio-8080-exec-6] o.s.security.web.FilterChainProxy        : Securing GET /api-docs/swagger-config
2024-01-28T00:30:25.298+04:00 DEBUG 11744 --- [http-nio-8080-exec-6] o.s.s.w.a.AnonymousAuthenticationFilter  : Set SecurityContextHolder to anonymous SecurityContext
2024-01-28T00:30:25.298+04:00 DEBUG 11744 --- [http-nio-8080-exec-6] o.s.security.web.FilterChainProxy        : Secured GET /api-docs/swagger-config
2024-01-28T00:30:25.310+04:00 DEBUG 11744 --- [http-nio-8080-exec-7] o.s.security.web.FilterChainProxy        : Securing GET /api-docs
2024-01-28T00:30:25.310+04:00 DEBUG 11744 --- [http-nio-8080-exec-7] o.s.s.w.a.AnonymousAuthenticationFilter  : Set SecurityContextHolder to anonymous SecurityContext
2024-01-28T00:30:25.310+04:00 DEBUG 11744 --- [http-nio-8080-exec-7] o.s.security.web.FilterChainProxy        : Secured GET /api-docs
2024-01-28T00:32:28.356+04:00  INFO 11744 --- [SpringApplicationShutdownHook] j.LocalContainerEntityManagerFactoryBean : Closing JPA EntityManagerFactory for persistence unit 'default'
2024-01-28T00:32:28.357+04:00  INFO 11744 --- [SpringApplicationShutdownHook] com.zaxxer.hikari.HikariDataSource       : HikariPool-1 - Shutdown initiated...
2024-01-28T00:32:28.361+04:00  INFO 11744 --- [SpringApplicationShutdownHook] com.zaxxer.hikari.HikariDataSource       : HikariPool-1 - Shutdown completed.
